
> coin-siren@0.1.0 build
> next build

  ▲ Next.js 14.2.23

   Creating an optimized production build ...
 ✓ Compiled successfully
   Linting and checking validity of types ...

./components/Hero.tsx
163:6  Warning: React Hook useEffect has a missing dependency: 'stats.length'. Either include it or remove the dependency array.  react-hooks/exhaustive-deps

info  - Need to disable some ESLint rules? Learn more here: https://nextjs.org/docs/basic-features/eslint#disabling-rules
   Collecting page data ...
   Generating static pages (0/5) ...
   Generating static pages (1/5) 
   Generating static pages (2/5) 
   Generating static pages (3/5) 
 ✓ Generating static pages (5/5)
   Finalizing page optimization ...
   Collecting build traces ...

Route (app)                              Size     First Load JS
┌ ○ /                                    7.52 kB        94.6 kB
└ ○ /_not-found                          870 B            88 kB
+ First Load JS shared by all            87.1 kB
  ├ chunks/516-4a50b7ab281e956b.js       31.6 kB
  ├ chunks/669f4e52-3514d3dc2fddad54.js  53.6 kB
  └ other shared chunks (total)          1.89 kB


○  (Static)  prerendered as static content

